[debug] [2018-01-14T16:44:19.137Z] ----------------------------------------------------------------------
[debug] [2018-01-14T16:44:19.139Z] Command:       C:\Program Files\nodejs\node.exe C:\Users\arena\AppData\Roaming\npm\node_modules\firebase-tools\bin\firebase serve
[debug] [2018-01-14T16:44:19.140Z] CLI Version:   3.16.0
[debug] [2018-01-14T16:44:19.140Z] Platform:      win32
[debug] [2018-01-14T16:44:19.140Z] Node Version:  v8.9.4
[debug] [2018-01-14T16:44:19.141Z] Time:          Sun Jan 14 2018 11:44:19 GMT-0500 (Hora est. Pacífico, Sudamérica)
[debug] [2018-01-14T16:44:19.141Z] ----------------------------------------------------------------------
[debug] 
[debug] [2018-01-14T16:44:19.157Z] > command requires scopes: ["email","openid","https://www.googleapis.com/auth/cloudplatformprojects.readonly","https://www.googleapis.com/auth/firebase","https://www.googleapis.com/auth/cloud-platform"]
[debug] [2018-01-14T16:44:19.157Z] > authorizing via signed-in user
[debug] [2018-01-14T16:44:19.159Z] > refreshing access token with scopes: ["email","https://www.googleapis.com/auth/cloud-platform","https://www.googleapis.com/auth/cloudplatformprojects.readonly","https://www.googleapis.com/auth/firebase","openid"]
[debug] [2018-01-14T16:44:19.159Z] >>> HTTP REQUEST POST https://www.googleapis.com/oauth2/v3/token  
 { refresh_token: '1/cx3eUR9c--bLsQzEYcoIRbo2bHSvGrulu_-rZ3SCQgU',
  client_id: '563584335869-fgrhgmd47bqnekij5i8b5pr03ho849e6.apps.googleusercontent.com',
  client_secret: 'j9iVZfS8kkCEFUPaAeJV0sAi',
  grant_type: 'refresh_token',
  scope: 'email https://www.googleapis.com/auth/cloud-platform https://www.googleapis.com/auth/cloudplatformprojects.readonly https://www.googleapis.com/auth/firebase openid' } 
 Sun Jan 14 2018 11:44:19 GMT-0500 (Hora est. Pacífico, Sudamérica)
[debug] [2018-01-14T16:44:19.634Z] <<< HTTP RESPONSE 200
[debug] [2018-01-14T16:44:19.668Z] >>> HTTP REQUEST GET https://admin.firebase.com/v1/projects/new-red-social-20998  
  
 Sun Jan 14 2018 11:44:19 GMT-0500 (Hora est. Pacífico, Sudamérica)
[debug] [2018-01-14T16:44:20.350Z] <<< HTTP RESPONSE 200
[debug] [2018-01-14T16:44:20.351Z] >>> HTTP REQUEST GET https://admin.firebase.com/v1/database/new-red-social-20998/tokens  
  
 Sun Jan 14 2018 11:44:20 GMT-0500 (Hora est. Pacífico, Sudamérica)
[debug] [2018-01-14T16:44:20.997Z] <<< HTTP RESPONSE 200
[info] 
[info] === Serving from 'C:\Users\arena\Documents\new-red-social'...
[info] 
[debug] [2018-01-14T16:44:21.003Z] >>> HTTP REQUEST GET https://cloudresourcemanager.googleapis.com/v1/projects/new-red-social-20998  
  
 Sun Jan 14 2018 11:44:21 GMT-0500 (Hora est. Pacífico, Sudamérica)
[debug] [2018-01-14T16:44:21.607Z] <<< HTTP RESPONSE 200
[debug] [2018-01-14T16:44:21.608Z] >>> HTTP REQUEST GET https://mobilesdk-pa.googleapis.com/v1/projects/16979526429/clients/_:getWebAppConfig  
  
 Sun Jan 14 2018 11:44:21 GMT-0500 (Hora est. Pacífico, Sudamérica)
[debug] [2018-01-14T16:44:22.307Z] <<< HTTP RESPONSE 200
[info] +  hosting: Local server: http://localhost:5000

